<?xml version="1.0" encoding="UTF-8"?>
<!-- Generated by org.testng.reporters.JUnitReportReporter -->
<testsuite hostname="LAPTOP-2UTCAUMC" failures="0" tests="1" name="Test.Udacity_CoursesCartTestcase" time="11.475" errors="0" timestamp="2021-12-23T10:24:34 IST" skipped="0">
  <testcase classname="Test.Udacity_CoursesCartTestcase" name="HomeCoursesaddtioninCart" time="11.475"/>
  <system-out/>
</testsuite> <!-- Test.Udacity_CoursesCartTestcase -->
