<?xml version="1.0" encoding="UTF-8"?>
<!-- Generated by org.testng.reporters.JUnitReportReporter -->
<testsuite hostname="LAPTOP-2UTCAUMC" failures="0" tests="5" name="Test.Udacity_SignInTestCases" time="34.460" errors="0" timestamp="2021-12-23T10:24:34 IST" skipped="0">
  <testcase classname="Test.Udacity_SignInTestCases" name="ValidateIncorrectEmailCorrectPassword" time="9.771"/>
  <system-out/>
  <testcase classname="Test.Udacity_SignInTestCases" name="ValidateCorrectEmailCorrectPassword" time="7.381"/>
  <system-out/>
  <testcase classname="Test.Udacity_SignInTestCases" name="Validate_URL" time="2.495"/>
  <system-out/>
  <testcase classname="Test.Udacity_SignInTestCases" name="Validate_ErrorForBlankEmailPassword" time="7.022"/>
  <system-out/>
  <testcase classname="Test.Udacity_SignInTestCases" name="ValidateCorrectEmailIncorrectPassword" time="7.791"/>
  <system-out/>
</testsuite> <!-- Test.Udacity_SignInTestCases -->
